0001_0012_0016_0061_0061.jpg 1 12 16 61 61
0002_0011_0007_0061_0061.jpg 1 11 7 61 61
0003_0021_0010_0038_0038.jpg 1 21 10 38 38
0004_0048_0038_0029_0029.jpg 1 48 38 29 29
0005_0025_0009_0065_0065.jpg 1 25 9 65 65
0006_0010_0019_0068_0068.jpg 1 10 19 68 68
0007_0029_0059_0028_0028.jpg 1 29 59 28 28
0008_0005_0032_0063_0063.jpg 1 5 32 63 63
0009_0028_0006_0052_0052.jpg 1 28 6 52 52
0010_0016_0020_0061_0061.jpg 1 16 20 61 61
0011_0015_0032_0025_0025.jpg 1 15 32 25 25
0012_0015_0029_0037_0037.jpg 1 15 29 37 37
0013_0024_0034_0038_0038.jpg 1 24 34 38 38
0014_0024_0044_0038_0038.jpg 1 24 44 38 38
0015_0022_0034_0043_0043.jpg 1 22 34 43 43
0016_0026_0005_0055_0055.jpg 1 26 5 55 55
0017_0027_0025_0047_0047.jpg 1 27 25 47 47
0018_0035_0065_0027_0027.jpg 1 35 65 27 27
0019_0061_0057_0027_0027.jpg 1 61 57 27 27
0020_0009_0047_0026_0026.jpg 1 9 47 26 26
0021_0060_0050_0025_0025.jpg 1 60 50 25 25
0022_0055_0048_0029_0029.jpg 1 55 48 29 29
0023_0008_0041_0028_0028.jpg 1 8 41 28 28
0024_0055_0030_0037_0037.jpg 1 55 30 37 37
0025_0012_0011_0069_0069.jpg 1 12 11 69 69
0026_0017_0009_0054_0054.jpg 1 17 9 54 54
0027_0009_0010_0045_0045.jpg 1 9 10 45 45
0028_0033_0021_0060_0060.jpg 1 33 21 60 60
0029_0028_0028_0064_0064.jpg 1 28 28 64 64
0030_0038_0027_0053_0053.jpg 1 38 27 53 53
0031_0019_0061_0027_0027.jpg 1 19 61 27 27
0032_0025_0046_0040_0040.jpg 1 25 46 40 40
0033_0023_0028_0055_0055.jpg 1 23 28 55 55
0034_0019_0018_0064_0064.jpg 1 19 18 64 64
0035_0013_0037_0034_0034.jpg 1 13 37 34 34
0036_0019_0035_0050_0050.jpg 1 19 35 50 50
0037_0009_0018_0066_0066.jpg 1 9 18 66 66
0038_0043_0023_0041_0041.jpg 1 43 23 41 41
0039_0036_0033_0052_0052.jpg 1 36 33 52 52
0040_0034_0058_0034_0034.jpg 1 34 58 34 34
0041_0019_0064_0028_0028.jpg 1 19 64 28 28
0042_0044_0018_0051_0051.jpg 1 44 18 51 51
0043_0007_0031_0043_0043.jpg 1 7 31 43 43
0044_0038_0022_0056_0056.jpg 1 38 22 56 56
0045_0018_0008_0069_0069.jpg 1 18 8 69 69
0046_0026_0019_0060_0060.jpg 1 26 19 60 60
0047_0047_0041_0042_0042.jpg 1 47 41 42 42
0048_0028_0013_0063_0063.jpg 1 28 13 63 63
0049_0016_0045_0040_0040.jpg 1 16 45 40 40
0050_0058_0026_0034_0034.jpg 1 58 26 34 34
0051_0015_0008_0050_0050.jpg 1 15 8 50 50
0052_0003_0006_0068_0068.jpg 1 3 6 68 68
0053_0030_0048_0042_0042.jpg 1 30 48 42 42
0054_0041_0009_0028_0028.jpg 1 41 9 28 28
0055_0027_0022_0057_0057.jpg 1 27 22 57 57
0056_0006_0006_0067_0067.jpg 1 6 6 67 67
0057_0039_0044_0040_0040.jpg 1 39 44 40 40
0058_0013_0027_0066_0066.jpg 1 13 27 66 66
0059_0013_0007_0067_0067.jpg 1 13 7 67 67
0060_0009_0054_0039_0039.jpg 1 9 54 39 39
0061_0007_0024_0063_0063.jpg 1 7 24 63 63
0062_0030_0024_0063_0063.jpg 1 30 24 63 63
0063_0005_0028_0048_0048.jpg 1 5 28 48 48
0064_0032_0006_0050_0050.jpg 1 32 6 50 50
0065_0049_0060_0024_0024.jpg 1 49 60 24 24
0066_0023_0055_0036_0036.jpg 1 23 55 36 36
0067_0042_0058_0025_0025.jpg 1 42 58 25 25
0068_0028_0047_0038_0038.jpg 1 28 47 38 38
0069_0037_0022_0047_0047.jpg 1 37 22 47 47
0070_0019_0034_0055_0055.jpg 1 19 34 55 55
0071_0022_0050_0041_0041.jpg 1 22 50 41 41
0072_0020_0017_0064_0064.jpg 1 20 17 64 64
0073_0009_0010_0056_0056.jpg 1 9 10 56 56
0074_0013_0049_0035_0035.jpg 1 13 49 35 35
0075_0038_0045_0025_0025.jpg 1 38 45 25 25
0076_0010_0004_0067_0067.jpg 1 10 4 67 67
0077_0014_0036_0052_0052.jpg 1 14 36 52 52
0078_0012_0038_0052_0052.jpg 1 12 38 52 52
0079_0038_0027_0033_0033.jpg 1 38 27 33 33
0080_0024_0041_0047_0047.jpg 1 24 41 47 47
0081_0030_0016_0063_0063.jpg 1 30 16 63 63
0082_0035_0016_0038_0038.jpg 1 35 16 38 38
0083_0022_0012_0066_0066.jpg 1 22 12 66 66
0084_0015_0032_0056_0056.jpg 1 15 32 56 56
0085_0042_0013_0052_0052.jpg 1 42 13 52 52
0086_0019_0030_0054_0054.jpg 1 19 30 54 54
0087_0014_0029_0060_0060.jpg 1 14 29 60 60
0088_0014_0043_0042_0042.jpg 1 14 43 42 42
0089_0039_0031_0030_0030.jpg 1 39 31 30 30
0090_0026_0028_0066_0066.jpg 1 26 28 66 66
0091_0044_0032_0045_0045.jpg 1 44 32 45 45
0092_0030_0053_0030_0030.jpg 1 30 53 30 30
0093_0009_0028_0031_0031.jpg 1 9 28 31 31
0094_0060_0042_0032_0032.jpg 1 60 42 32 32
0095_0014_0023_0063_0063.jpg 1 14 23 63 63
0096_0052_0048_0036_0036.jpg 1 52 48 36 36
0097_0047_0061_0024_0024.jpg 1 47 61 24 24
0098_0024_0028_0068_0068.jpg 1 24 28 68 68
0099_0018_0025_0068_0068.jpg 1 18 25 68 68
0100_0031_0039_0039_0039.jpg 1 31 39 39 39
0101_0058_0052_0033_0033.jpg 1 58 52 33 33
0102_0043_0035_0036_0036.jpg 1 43 35 36 36
0103_0010_0013_0069_0069.jpg 1 10 13 69 69
0104_0017_0023_0046_0046.jpg 1 17 23 46 46
0105_0010_0011_0066_0066.jpg 1 10 11 66 66
0106_0025_0048_0036_0036.jpg 1 25 48 36 36
0107_0016_0036_0025_0025.jpg 1 16 36 25 25
0108_0025_0031_0036_0036.jpg 1 25 31 36 36
0109_0023_0021_0050_0050.jpg 1 23 21 50 50
0110_0031_0029_0060_0060.jpg 1 31 29 60 60
0111_0010_0020_0042_0042.jpg 1 10 20 42 42
0112_0020_0030_0025_0025.jpg 1 20 30 25 25
0113_0012_0015_0047_0047.jpg 1 12 15 47 47
0114_0034_0006_0036_0036.jpg 1 34 6 36 36
0115_0017_0037_0042_0042.jpg 1 17 37 42 42
0116_0028_0007_0054_0054.jpg 1 28 7 54 54
0117_0018_0046_0045_0045.jpg 1 18 46 45 45
0118_0039_0035_0032_0032.jpg 1 39 35 32 32
0119_0005_0030_0045_0045.jpg 1 5 30 45 45
0120_0026_0015_0053_0053.jpg 1 26 15 53 53
0121_0046_0008_0042_0042.jpg 1 46 8 42 42
0122_0034_0037_0054_0054.jpg 1 34 37 54 54
0123_0015_0038_0039_0039.jpg 1 15 38 39 39
0124_0024_0017_0058_0058.jpg 1 24 17 58 58
0125_0007_0006_0069_0069.jpg 1 7 6 69 69
0126_0021_0015_0069_0069.jpg 1 21 15 69 69
0127_0021_0010_0062_0062.jpg 1 21 10 62 62
0128_0036_0024_0024_0024.jpg 1 36 24 24 24
0129_0023_0005_0053_0053.jpg 1 23 5 53 53
0130_0017_0022_0067_0067.jpg 1 17 22 67 67
0131_0016_0015_0054_0054.jpg 1 16 15 54 54
0132_0037_0013_0025_0025.jpg 1 37 13 25 25
0133_0026_0009_0067_0067.jpg 1 26 9 67 67
0134_0016_0021_0069_0069.jpg 1 16 21 69 69
0135_0036_0044_0038_0038.jpg 1 36 44 38 38
0136_0004_0028_0060_0060.jpg 1 4 28 60 60
